# JRE version: Java(TM) SE Runtime Environment (8.0_141-b15) (build 1.8.0_141-b15)
# Java VM: Java HotSpot(TM) 64-Bit Server VM (25.141-b15 mixed mode windows-amd64 compressed oops)
Heap:
 PSYoungGen      total 263680K, used 24764K [0x000000076b800000, 0x000000077c100000, 0x00000007c0000000)
  eden space 259072K, 7% used [0x000000076b800000,0x000000076cbb2c48,0x000000077b500000)
  from space 4608K, 99% used [0x000000077ba80000,0x000000077befc628,0x000000077bf00000)
  to   space 5632K, 0% used [0x000000077b500000,0x000000077b500000,0x000000077ba80000)
 ParOldGen       total 173568K, used 305K [0x00000006c2800000, 0x00000006cd180000, 0x000000076b800000)
  object space 173568K, 0% used [0x00000006c2800000,0x00000006c284c5f8,0x00000006cd180000)
 Metaspace       used 10856K, capacity 11075K, committed 11392K, reserved 1058816K
  class space    used 954K, capacity 1037K, committed 1152K, reserved 1048576K
GC Heap History (10 events):
Event: 0.497 GC heap before
{Heap before GC invocations=2 (full 0):
 PSYoungGen      total 75776K, used 66576K [0x000000076b800000, 0x0000000770c80000, 0x00000007c0000000)
  eden space 65024K, 100% used [0x000000076b800000,0x000000076f780000,0x000000076f780000)
  from space 10752K, 14% used [0x000000076f780000,0x000000076f904010,0x0000000770200000)
  to   space 10752K, 0% used [0x0000000770200000,0x0000000770200000,0x0000000770c80000)
 ParOldGen       total 173568K, used 8K [0x00000006c2800000, 0x00000006cd180000, 0x000000076b800000)
  object space 173568K, 0% used [0x00000006c2800000,0x00000006c2802000,0x00000006cd180000)
 Metaspace       used 5904K, capacity 6100K, committed 6144K, reserved 1056768K
  class space    used 651K, capacity 731K, committed 768K, reserved 1048576K
Event: 0.499 GC heap after
Heap after GC invocations=2 (full 0):
 PSYoungGen      total 75776K, used 1768K [0x000000076b800000, 0x0000000774c00000, 0x00000007c0000000)
  eden space 65024K, 0% used [0x000000076b800000,0x000000076b800000,0x000000076f780000)
  from space 10752K, 16% used [0x0000000770200000,0x00000007703ba2c8,0x0000000770c80000)
  to   space 10752K, 0% used [0x000000076f780000,0x000000076f780000,0x0000000770200000)
 ParOldGen       total 173568K, used 16K [0x00000006c2800000, 0x00000006cd180000, 0x000000076b800000)
  object space 173568K, 0% used [0x00000006c2800000,0x00000006c2804000,0x00000006cd180000)
 Metaspace       used 5904K, capacity 6100K, committed 6144K, reserved 1056768K
  class space    used 651K, capacity 731K, committed 768K, reserved 1048576K
}
Event: 0.531 GC heap before
{Heap before GC invocations=3 (full 0):
 PSYoungGen      total 75776K, used 66792K [0x000000076b800000, 0x0000000774c00000, 0x00000007c0000000)
  eden space 65024K, 100% used [0x000000076b800000,0x000000076f780000,0x000000076f780000)
  from space 10752K, 16% used [0x0000000770200000,0x00000007703ba2c8,0x0000000770c80000)
  to   space 10752K, 0% used [0x000000076f780000,0x000000076f780000,0x0000000770200000)
 ParOldGen       total 173568K, used 16K [0x00000006c2800000, 0x00000006cd180000, 0x000000076b800000)
  object space 173568K, 0% used [0x00000006c2800000,0x00000006c2804000,0x00000006cd180000)
 Metaspace       used 5904K, capacity 6100K, committed 6144K, reserved 1056768K
  class space    used 651K, capacity 731K, committed 768K, reserved 1048576K
Event: 0.533 GC heap after
Heap after GC invocations=3 (full 0):
 PSYoungGen      total 75776K, used 2040K [0x000000076b800000, 0x0000000774c00000, 0x00000007c0000000)
  eden space 65024K, 0% used [0x000000076b800000,0x000000076b800000,0x000000076f780000)
  from space 10752K, 18% used [0x000000076f780000,0x000000076f97e1a8,0x0000000770200000)
  to   space 10752K, 0% used [0x0000000774180000,0x0000000774180000,0x0000000774c00000)
 ParOldGen       total 173568K, used 16K [0x00000006c2800000, 0x00000006cd180000, 0x000000076b800000)
  object space 173568K, 0% used [0x00000006c2800000,0x00000006c2804000,0x00000006cd180000)
 Metaspace       used 5904K, capacity 6100K, committed 6144K, reserved 1056768K
  class space    used 651K, capacity 731K, committed 768K, reserved 1048576K
}
Event: 0.567 GC heap before
{Heap before GC invocations=4 (full 0):
 PSYoungGen      total 75776K, used 67064K [0x000000076b800000, 0x0000000774c00000, 0x00000007c0000000)
  eden space 65024K, 100% used [0x000000076b800000,0x000000076f780000,0x000000076f780000)
  from space 10752K, 18% used [0x000000076f780000,0x000000076f97e1a8,0x0000000770200000)
  to   space 10752K, 0% used [0x0000000774180000,0x0000000774180000,0x0000000774c00000)
 ParOldGen       total 173568K, used 16K [0x00000006c2800000, 0x00000006cd180000, 0x000000076b800000)
  object space 173568K, 0% used [0x00000006c2800000,0x00000006c2804000,0x00000006cd180000)
 Metaspace       used 5904K, capacity 6100K, committed 6144K, reserved 1056768K
  class space    used 651K, capacity 731K, committed 768K, reserved 1048576K
Event: 0.569 GC heap after
Heap after GC invocations=4 (full 0):
 PSYoungGen      total 140800K, used 2464K [0x000000076b800000, 0x0000000774c00000, 0x00000007c0000000)
  eden space 130048K, 0% used [0x000000076b800000,0x000000076b800000,0x0000000773700000)
  from space 10752K, 22% used [0x0000000774180000,0x00000007743e8130,0x0000000774c00000)
  to   space 10752K, 0% used [0x0000000773700000,0x0000000773700000,0x0000000774180000)
 ParOldGen       total 173568K, used 24K [0x00000006c2800000, 0x00000006cd180000, 0x000000076b800000)
  object space 173568K, 0% used [0x00000006c2800000,0x00000006c2806000,0x00000006cd180000)
 Metaspace       used 5904K, capacity 6100K, committed 6144K, reserved 1056768K
  class space    used 651K, capacity 731K, committed 768K, reserved 1048576K
}
Event: 1.312 GC heap before
{Heap before GC invocations=5 (full 0):
 PSYoungGen      total 140800K, used 132512K [0x000000076b800000, 0x0000000774c00000, 0x00000007c0000000)
  eden space 130048K, 100% used [0x000000076b800000,0x0000000773700000,0x0000000773700000)
  from space 10752K, 22% used [0x0000000774180000,0x00000007743e8130,0x0000000774c00000)
  to   space 10752K, 0% used [0x0000000773700000,0x0000000773700000,0x0000000774180000)
 ParOldGen       total 173568K, used 24K [0x00000006c2800000, 0x00000006cd180000, 0x000000076b800000)
  object space 173568K, 0% used [0x00000006c2800000,0x00000006c2806000,0x00000006cd180000)
 Metaspace       used 9135K, capacity 9353K, committed 9472K, reserved 1058816K
  class space    used 847K, capacity 932K, committed 1024K, reserved 1048576K
Event: 1.316 GC heap after
Heap after GC invocations=5 (full 0):
 PSYoungGen      total 140800K, used 4836K [0x000000076b800000, 0x000000077bf00000, 0x00000007c0000000)
  eden space 130048K, 0% used [0x000000076b800000,0x000000076b800000,0x0000000773700000)
  from space 10752K, 44% used [0x0000000773700000,0x0000000773bb90d8,0x0000000774180000)
  to   space 4608K, 0% used [0x000000077ba80000,0x000000077ba80000,0x000000077bf00000)
 ParOldGen       total 173568K, used 32K [0x00000006c2800000, 0x00000006cd180000, 0x000000076b800000)
  object space 173568K, 0% used [0x00000006c2800000,0x00000006c2808000,0x00000006cd180000)
 Metaspace       used 9135K, capacity 9353K, committed 9472K, reserved 1058816K
  class space    used 847K, capacity 932K, committed 1024K, reserved 1048576K
}
Event: 1.457 GC heap before
{Heap before GC invocations=6 (full 0):
 PSYoungGen      total 140800K, used 134884K [0x000000076b800000, 0x000000077bf00000, 0x00000007c0000000)
  eden space 130048K, 100% used [0x000000076b800000,0x0000000773700000,0x0000000773700000)
  from space 10752K, 44% used [0x0000000773700000,0x0000000773bb90d8,0x0000000774180000)
  to   space 4608K, 0% used [0x000000077ba80000,0x000000077ba80000,0x000000077bf00000)
 ParOldGen       total 173568K, used 32K [0x00000006c2800000, 0x00000006cd180000, 0x000000076b800000)
  object space 173568K, 0% used [0x00000006c2800000,0x00000006c2808000,0x00000006cd180000)
 Metaspace       used 10700K, capacity 10883K, committed 11136K, reserved 1058816K
  class space    used 945K, capacity 1037K, committed 1152K, reserved 1048576K
Event: 1.470 GC heap after
Heap after GC invocations=6 (full 0):
 PSYoungGen      total 263680K, used 4593K [0x000000076b800000, 0x000000077c100000, 0x00000007c0000000)
  eden space 259072K, 0% used [0x000000076b800000,0x000000076b800000,0x000000077b500000)
  from space 4608K, 99% used [0x000000077ba80000,0x000000077befc628,0x000000077bf00000)
  to   space 5632K, 0% used [0x000000077b500000,0x000000077b500000,0x000000077ba80000)
 ParOldGen       total 173568K, used 305K [0x00000006c2800000, 0x00000006cd180000, 0x000000076b800000)
  object space 173568K, 0% used [0x00000006c2800000,0x00000006c284c5f8,0x00000006cd180000)
 Metaspace       used 10700K, capacity 10883K, committed 11136K, reserved 1058816K
  class space    used 945K, capacity 1037K, committed 1152K, reserved 1048576K
}

